
DEBUG:root:Starting melody generation process...
DEBUG:root:Lyrics file: generated_lyrics\Rock.txt
DEBUG:root:Genre: rock
DEBUG:root:Lyrics loaded successfully: ['(Verse 1)', 'Six strings whisper secrets low', 'A rhythm in my soul starts to flow', 'Fingers dance on fretworn wood', 'Lost in the music, understood']...
DEBUG:root:Generated melody for rock genre: [['C#5', 'F#4'], ['E5', 'F#4', 'E4', 'C#5', 'F#4'], ['E4', 'F#4', 'G#4', 'B4', 'A4', 'A4', 'G#4', 'F#4'], ['F#4', 'D#5', 'C#5', 'C#5', 'G#4'], ['A4', 'G#4', 'C#5', 'C#5', 'E5'], ['E4', 'B4', 'D#5', 'E4', 'D#5', 'E4', 'G#4'], ['F#4', 'A4', 'E5', 'E4', 'B4'], [], ['F#4'], ['G#4', 'F#4', 'A4', 'C#5', 'E4', 'G#4'], ['G#4', 'G#4', 'D#5', 'D#5', 'E4', 'C#5'], ['D#5', 'G#4', 'D#5', 'G#4', 'D#5', 'C#5'], ['D#5', 'D#5', 'A4', 'A4', 'B4'], ['E4', 'A4', 'E4', 'F#4', 'G#4'], ['B4', 'B4', 'C#5', 'A4', 'D#5'], [], ['A4', 'B4'], ['D#5', 'E4', 'C#5', 'D#5', 'F#4', 'E5'], ['C#5', 'E5', 'A4', 'G#4', 'D#5', 'G#4'], ['D#5', 'A4', 'F#4', 'G#4', 'E5'], ['C#5', 'E5', 'E4', 'E4'], ['G#4', 'B4', 'E4', 'D#5', 'A4', 'B4'], ['G#4', 'D#5', 'G#4', 'G#4', 'E4', 'F#4'], [], ['G#4'], ['A4', 'C#5', 'E5', 'D#5', 'G#4', 'G#4'], ['B4', 'E4', 'G#4', 'C#5', 'D#5', 'F#4'], ['A4', 'F#4', 'D#5', 'A4', 'C#5', 'F#4', 'B4'], ['D#5', 'E4', 'E5', 'E5', 'A4', 'F#4'], ['G#4', 'A4', 'E5', 'G#4', 'E4', 'C#5'], ['A4', 'C#5', 'F#4', 'E4', 'F#4', 'E4'], [], ['E5'], ['B4', 'D#5', 'E4', 'D#5', 'E4', 'B4'], ['E5', 'F#4', 'G#4', 'A4', 'F#4', 'E4'], ['D#5', 'D#5', 'G#4', 'C#5', 'A4', 'D#5'], ['C#5', 'D#5', 'E4', 'C#5', 'A4'], ['A4', 'C#5', 'E4', 'A4', 'C#5'], ['F#4', 'D#5', 'G#4', 'E4', 'C#5'], [], ['G#4'], ['D#5', 'B4', 'A4', 'E4', 'C#5'], ['C#5', 'E4', 'F#4', 'E5', 'F#4', 'E4', 'E4'], ['D#5', 'C#5', 'B4', 'G#4', 'D#5', 'G#4', 'C#5'], ['D#5', 'D#5', 'C#5', 'A4', 'E5'], ['E5', 'C#5', 'C#5', 'F#4', 'E5', 'D#5', 'F#4'], ['E4', 'E5', 'F#4', 'B4', 'A4', 'F#4', 'G#4', 'B4']]
ERROR:root:Error writing melody to MIDI: module 'music21.text' has no attribute 'TextExpression'
ERROR:root:An error occurred during the process: module 'music21.text' has no attribute 'TextExpression'
DEBUG:root:Starting melody generation process...
DEBUG:root:Lyrics file: generated_lyrics\Rock.txt
DEBUG:root:Genre: 
DEBUG:root:Lyrics loaded successfully: ['(Verse 1)', 'Six strings whisper secrets low', 'A rhythm in my soul starts to flow', 'Fingers dance on fretworn wood', 'Lost in the music, understood']...
DEBUG:root:Generated melody for  genre: [['C4', 'D4'], ['B4', 'D4', 'B4', 'D4', 'G4'], ['B4', 'B4', 'D4', 'E4', 'F4', 'E4', 'E4', 'G4'], ['G4', 'G4', 'F4', 'D4', 'G4'], ['G4', 'C4', 'F4', 'G4', 'G4'], ['C4', 'A4', 'F4', 'G4', 'F4', 'B4', 'D4'], ['A4', 'D4', 'F4', 'B4', 'A4'], [], ['B4'], ['C4', 'C4', 'E4', 'F4', 'B4', 'C4'], ['G4', 'F4', 'F4', 'E4', 'G4', 'B4'], ['D4', 'D4', 'A4', 'E4', 'A4', 'E4'], ['E4', 'G4', 'B4', 'D4', 'C4'], ['A4', 'D4', 'A4', 'G4', 'D4'], ['C4', 'D4', 'F4', 'B4', 'C4'], [], ['G4', 'C4'], ['F4', 'E4', 'B4', 'B4', 'G4', 'E4'], ['C4', 'D4', 'B4', 'E4', 'C4', 'G4'], ['F4', 'D4', 'A4', 'C4', 'G4'], ['G4', 'C4', 'G4', 'A4'], ['A4', 'D4', 'G4', 'C4', 'B4', 'B4'], ['E4', 'A4', 'D4', 'E4', 'F4', 'G4'], [], ['A4'], ['B4', 'F4', 'B4', 'D4', 'D4', 'F4'], ['F4', 'G4', 'B4', 'F4', 'B4', 'A4'], ['A4', 'D4', 'D4', 'G4', 'B4', 'D4', 'C4'], ['E4', 'A4', 'E4', 'B4', 'F4', 'E4'], ['D4', 'G4', 'F4', 'A4', 'E4', 'A4'], ['B4', 'F4', 'G4', 'G4', 'B4', 'E4'], [], ['E4'], ['E4', 'E4', 'F4', 'F4', 'B4', 'E4'], ['F4', 'B4', 'E4', 'D4', 'D4', 'C4'], ['F4', 'A4', 'E4', 'C4', 'F4', 'C4'], ['F4', 'C4', 'E4', 'G4', 'C4'], ['A4', 'B4', 'C4', 'B4', 'D4'], ['D4', 'A4', 'E4', 'F4', 'E4'], [], ['A4'], ['F4', 'C4', 'D4', 'E4', 'D4'], ['A4', 'G4', 'D4', 'D4', 'A4', 'G4', 'C4'], ['D4', 'B4', 'F4', 'D4', 'F4', 'D4', 'C4'], ['A4', 'E4', 'D4', 'G4', 'F4'], ['E4', 'C4', 'E4', 'D4', 'C4', 'E4', 'A4'], ['F4', 'F4', 'C4', 'F4', 'A4', 'C4', 'F4', 'D4']]
ERROR:root:Error writing melody to MIDI: module 'music21.text' has no attribute 'Text'
ERROR:root:An error occurred during the process: module 'music21.text' has no attribute 'Text'
DEBUG:root:Starting melody generation process...
DEBUG:root:Lyrics file: generated_lyrics\Rock.txt
DEBUG:root:Genre: rock
DEBUG:root:Lyrics loaded successfully: ['(Verse 1)', 'Six strings whisper secrets low', 'A rhythm in my soul starts to flow', 'Fingers dance on fretworn wood', 'Lost in the music, understood']...
DEBUG:root:Generated melody for rock genre: [['G#4', 'F#4'], ['A4', 'A4', 'D#5', 'C#5', 'E4'], ['F#4', 'F#4', 'E4', 'A4', 'E5', 'A4', 'C#5', 'E4'], ['E4', 'A4', 'B4', 'E5', 'A4'], ['G#4', 'G#4', 'F#4', 'D#5', 'D#5'], ['E4', 'A4', 'G#4', 'E5', 'D#5', 'D#5', 'G#4'], ['A4', 'F#4', 'G#4', 'B4', 'G#4'], [], ['B4'], ['E4', 'D#5', 'F#4', 'C#5', 'D#5', 'E4'], ['G#4', 'F#4', 'F#4', 'B4', 'F#4', 'C#5'], ['D#5', 'E5', 'A4', 'F#4', 'D#5', 'E4'], ['E5', 'A4', 'B4', 'G#4', 'G#4'], ['C#5', 'A4', 'D#5', 'E4', 'C#5'], ['G#4', 'A4', 'C#5', 'E5', 'C#5'], [], ['E5', 'E4'], ['G#4', 'F#4', 'A4', 'E5', 'B4', 'A4'], ['C#5', 'B4', 'B4', 'A4', 'D#5', 'E5'], ['D#5', 'B4', 'A4', 'E5', 'E5'], ['G#4', 'F#4', 'B4', 'A4'], ['G#4', 'A4', 'C#5', 'E5', 'E5', 'D#5'], ['G#4', 'D#5', 'A4', 'F#4', 'C#5', 'B4'], [], ['B4'], ['E4', 'E5', 'E4', 'B4', 'E4', 'B4'], ['A4', 'C#5', 'C#5', 'F#4', 'G#4', 'G#4'], ['E5', 'E5', 'E5', 'F#4', 'D#5', 'A4', 'F#4'], ['B4', 'F#4', 'G#4', 'E4', 'B4', 'E4'], ['E4', 'E4', 'B4', 'F#4', 'A4', 'G#4'], ['C#5', 'G#4', 'E4', 'D#5', 'C#5', 'E4'], [], ['B4'], ['B4', 'E4', 'E4', 'E5', 'D#5', 'E5'], ['A4', 'G#4', 'D#5', 'E5', 'A4', 'B4'], ['E4', 'G#4', 'E5', 'G#4', 'E5', 'C#5'], ['E5', 'E4', 'G#4', 'D#5', 'A4'], ['E5', 'A4', 'F#4', 'G#4', 'E5'], ['B4', 'E4', 'C#5', 'G#4', 'D#5'], [], ['G#4'], ['C#5', 'A4', 'B4', 'A4', 'C#5'], ['A4', 'B4', 'G#4', 'C#5', 'F#4', 'C#5', 'B4'], ['F#4', 'C#5', 'E5', 'G#4', 'A4', 'F#4', 'A4'], ['D#5', 'A4', 'A4', 'C#5', 'D#5'], ['C#5', 'B4', 'C#5', 'F#4', 'D#5', 'A4', 'E4'], ['A4', 'B4', 'C#5', 'F#4', 'E5', 'D#5', 'D#5', 'F#4']]
ERROR:root:Error writing melody to MIDI: module 'music21.text' has no attribute 'Text'
ERROR:root:An error occurred during the process: module 'music21.text' has no attribute 'Text'
